<?xml version="1.0" encoding="UTF-8"?>
<!-- Generated by org.testng.reporters.JUnitXMLReporter -->
<testsuite hostname="LAPTOP-2P2P5LU3" ignored="0" name="Default test" tests="4" failures="0" timestamp="26 May 2020 01:51:17 GMT" time="3.701" errors="0">
  <testcase name="printTest" time="0.034" classname="com.wbl.Test.ResourceTest"/>
  <testcase name="resourceTest" time="0.972" classname="com.wbl.Test.ResourceTest"/>
  <testcase name="toolsCountTest" time="0.715" classname="com.wbl.Test.ResourceTest"/>
  <testcase name="toolsTesting" time="1.127" classname="com.wbl.Test.ResourceTest"/>
</testsuite> <!-- Default test -->
