<?xml version="1.0" encoding="UTF-8"?>
<!-- Generated by org.testng.reporters.JUnitXMLReporter -->
<testsuite hostname="LAPTOP-2P2P5LU3" ignored="0" name="Test2" tests="2" failures="0" timestamp="19 Jul 2020 06:35:35 GMT" time="0.175" errors="0">
  <testcase name="@BeforeClass beforeMethod" time="0.035" classname="com.wbl.Test.LoginPageTest">
    <failure type="java.lang.Error" message="Unresolved compilation problem: 
	Syntax error on tokens, delete these tokens
">
      <![CDATA[java.lang.Error: Unresolved compilation problem: 
Syntax error on tokens, delete these tokens

at com.wbl.Base.BasePage.<init>(BasePage.java:1)
at com.wbl.Pages.LoginPage.<init>(LoginPage.java:32)
at com.wbl.Test.LoginPageTest.beforeMethod(LoginPageTest.java:46)
... Removed 26 stack frames]]>
    </failure>
  </testcase> <!-- @BeforeClass beforeMethod -->
  <testcase name="@AfterMethod afterMethod" time="0.0" classname="com.wbl.Base.BaseTest">
    <skipped/>
  </testcase> <!-- @AfterMethod afterMethod -->
  <testcase name="loginTest" time="0.0" classname="com.wbl.Test.LoginPageTest">
    <skipped/>
  </testcase> <!-- loginTest -->
  <testcase name="testLogin" time="0.0" classname="com.wbl.Test.LoginPageTest">
    <skipped/>
  </testcase> <!-- testLogin -->
</testsuite> <!-- Test2 -->
