<?xml version="1.0" encoding="UTF-8"?>
<!-- Generated by org.testng.reporters.JUnitXMLReporter -->
<testsuite hostname="LAPTOP-2P2P5LU3" ignored="0" name="Test" tests="3" failures="0" timestamp="19 Jul 2020 06:35:34 GMT" time="0.1" errors="0">
  <testcase name="@BeforeClass beforeClass" time="0.004" classname="com.wbl.Test.HomePageTest">
    <failure type="java.lang.Error" message="Unresolved compilation problem: 
	Syntax error on tokens, delete these tokens
">
      <![CDATA[java.lang.Error: Unresolved compilation problem: 
Syntax error on tokens, delete these tokens

at com.wbl.Base.BasePage.<init>(BasePage.java:1)
at com.wbl.Pages.HomePage.<init>(HomePage.java:27)
at com.wbl.Test.HomePageTest.beforeClass(HomePageTest.java:23)
... Removed 26 stack frames]]>
    </failure>
  </testcase> <!-- @BeforeClass beforeClass -->
  <testcase name="@AfterMethod afterMethod" time="0.0" classname="com.wbl.Base.BaseTest">
    <skipped/>
  </testcase> <!-- @AfterMethod afterMethod -->
  <testcase name="@AfterMethod afterMethod" time="0.0" classname="com.wbl.Base.BaseTest">
    <skipped/>
  </testcase> <!-- @AfterMethod afterMethod -->
  <testcase name="@AfterMethod afterMethod" time="0.0" classname="com.wbl.Base.BaseTest">
    <skipped/>
  </testcase> <!-- @AfterMethod afterMethod -->
  <testcase name="@AfterClass afterClass" time="0.0" classname="com.wbl.Test.HomePageTest">
    <skipped/>
  </testcase> <!-- @AfterClass afterClass -->
  <testcase name="slideCountTest" time="0.0" classname="com.wbl.Test.HomePageTest">
    <skipped/>
  </testcase> <!-- slideCountTest -->
  <testcase name="slideTest" time="0.0" classname="com.wbl.Test.HomePageTest">
    <skipped/>
  </testcase> <!-- slideTest -->
  <testcase name="socialLinkCount" time="0.0" classname="com.wbl.Test.HomePageTest">
    <skipped/>
  </testcase> <!-- socialLinkCount -->
</testsuite> <!-- Test -->
