<?xml version="1.0" encoding="UTF-8"?>
<!-- Generated by org.testng.reporters.JUnitXMLReporter -->
<testsuite hostname="LAPTOP-2P2P5LU3" ignored="0" name="test1" tests="4" failures="0" timestamp="19 Jul 2020 06:35:35 GMT" time="0.121" errors="0">
  <testcase name="@BeforeMethod beforeMethod" time="0.005" classname="com.wbl.Test.ResourceTest">
    <failure type="java.lang.Error" message="Unresolved compilation problem: 
	Syntax error on tokens, delete these tokens
">
      <![CDATA[java.lang.Error: Unresolved compilation problem: 
Syntax error on tokens, delete these tokens

at com.wbl.Base.BasePage.<init>(BasePage.java:1)
at com.wbl.Pages.ResourcePage.<init>(ResourcePage.java:26)
at com.wbl.Test.ResourceTest.beforeMethod(ResourceTest.java:33)
... Removed 28 stack frames]]>
    </failure>
  </testcase> <!-- @BeforeMethod beforeMethod -->
  <testcase name="@AfterMethod afterMethod" time="0.0" classname="com.wbl.Base.BaseTest">
    <skipped/>
  </testcase> <!-- @AfterMethod afterMethod -->
  <testcase name="@BeforeMethod beforeMethod" time="0.0" classname="com.wbl.Test.ResourceTest">
    <skipped/>
  </testcase> <!-- @BeforeMethod beforeMethod -->
  <testcase name="@AfterMethod afterMethod" time="0.0" classname="com.wbl.Base.BaseTest">
    <skipped/>
  </testcase> <!-- @AfterMethod afterMethod -->
  <testcase name="@BeforeMethod beforeMethod" time="0.0" classname="com.wbl.Test.ResourceTest">
    <skipped/>
  </testcase> <!-- @BeforeMethod beforeMethod -->
  <testcase name="@AfterMethod afterMethod" time="0.0" classname="com.wbl.Base.BaseTest">
    <skipped/>
  </testcase> <!-- @AfterMethod afterMethod -->
  <testcase name="@BeforeMethod beforeMethod" time="0.0" classname="com.wbl.Test.ResourceTest">
    <skipped/>
  </testcase> <!-- @BeforeMethod beforeMethod -->
  <testcase name="@AfterMethod afterMethod" time="0.0" classname="com.wbl.Base.BaseTest">
    <skipped/>
  </testcase> <!-- @AfterMethod afterMethod -->
  <testcase name="printTest" time="0.0" classname="com.wbl.Test.ResourceTest">
    <skipped/>
  </testcase> <!-- printTest -->
  <testcase name="resourceTest" time="0.0" classname="com.wbl.Test.ResourceTest">
    <skipped/>
  </testcase> <!-- resourceTest -->
  <testcase name="toolsCountTest" time="0.0" classname="com.wbl.Test.ResourceTest">
    <skipped/>
  </testcase> <!-- toolsCountTest -->
  <testcase name="toolsTesting" time="0.0" classname="com.wbl.Test.ResourceTest">
    <skipped/>
  </testcase> <!-- toolsTesting -->
</testsuite> <!-- test1 -->
